tokens_per_iter=100,000
-----------------------
gabriel@crill:~/mpids/examples> mpirun --map-by node -np 256 python3 termfrequency.py /beegfs/gabriel/Gutenberg/ out.txt
Total time = 33.831332 seconds
Read time = 1.151918 seconds
Tokenize time = 2.396650 seconds
Processing time = 30.140719 seconds
File write time = 0.141763 seconds

gabriel@crill:~/mpids/examples> mpirun --map-by node -np 256 python3 termfrequency.py /beegfs/gabriel/Gutenberg/ out.txt
Total time = 33.632757 seconds
Read time = 1.028598 seconds
Tokenize time = 2.444230 seconds
Processing time = 30.009868 seconds
File write time = 0.149727 seconds

gabriel@crill:~/mpids/examples> mpirun --map-by node -np 256 python3 termfrequency.py /beegfs/gabriel/Gutenberg/ out.txt
Total time = 33.676810 seconds
Read time = 1.005640 seconds
Tokenize time = 2.465868 seconds
Processing time = 30.058637 seconds
File write time = 0.146329 seconds

gabriel@crill:~/mpids/examples> mpirun --map-by node -np 128 python3 termfrequency.py /beegfs/gabriel/Gutenberg/ out.txt
Total time = 46.360439 seconds
Read time = 1.106772 seconds
Tokenize time = 3.149720 seconds
Processing time = 41.969940 seconds
File write time = 0.133346 seconds

gabriel@crill:~/mpids/examples> mpirun --map-by node -np 128 python3 termfrequency.py /beegfs/gabriel/Gutenberg/ out.txt
Total time = 46.752804 seconds
Read time = 1.079214 seconds
Tokenize time = 3.119101 seconds
Processing time = 42.426613 seconds
File write time = 0.127213 seconds

gabriel@crill:~/mpids/examples> mpirun --map-by node -np 128 python3 termfrequency.py /beegfs/gabriel/Gutenberg/ out.txt
Total time = 46.797369 seconds
Read time = 1.104976 seconds
Tokenize time = 3.154088 seconds
Processing time = 42.407109 seconds
File write time = 0.130453 seconds

gabriel@crill:~/mpids/examples> mpirun --map-by node -np 64 python3 termfrequency.py /beegfs/gabriel/Gutenberg/ out.txt
Total time = 81.072374 seconds
Read time = 1.368794 seconds
Tokenize time = 4.516209 seconds
Processing time = 75.008167 seconds
File write time = 0.178361 seconds

gabriel@crill:~/mpids/examples> mpirun --map-by node -np 64 python3 termfrequency.py /beegfs/gabriel/Gutenberg/ out.txt
Total time = 81.154540 seconds
Read time = 1.359743 seconds
Tokenize time = 4.479239 seconds
Processing time = 75.142013 seconds
File write time = 0.172743 seconds

gabriel@crill:~/mpids/examples> mpirun --map-by node -np 64 python3 termfrequency.py /beegfs/gabriel/Gutenberg/ out.txt
Total time = 81.408138 seconds
Read time = 1.325834 seconds
Tokenize time = 4.472903 seconds
Processing time = 75.441060 seconds
File write time = 0.167637 seconds

gabriel@crill:~/mpids/examples> mpirun -np 32 python3 termfrequency.py /beegfs/gabriel/Gutenberg/ out.txt
Total time = 184.881431 seconds
Read time = 1.842770 seconds
Tokenize time = 7.399198 seconds
Processing time = 175.339677 seconds
File write time = 0.299149 seconds

gabriel@crill:~/mpids/examples> mpirun --map-by node -np 32 python3 termfrequency.py /beegfs/gabriel/Gutenberg/ out.txt
Total time = 185.163905 seconds
Read time = 1.684695 seconds
Tokenize time = 7.232000 seconds
Processing time = 175.992228 seconds
File write time = 0.254685 seconds

gabriel@crill:~/mpids/examples> mpirun --map-by node -np 32 python3 termfrequency.py /beegfs/gabriel/Gutenberg/ out.txt
Total time = 186.249656 seconds
Read time = 1.598152 seconds
Tokenize time = 7.290624 seconds
Processing time = 177.104480 seconds
File write time = 0.256074 seconds


=========================================================================================================
=========================================================================================================
=========================================================================================================
tokens_per_iter=150,000
-----------------------
mpirun --map-by node -np 32 python3 termfrequency.py  /beegfs/gabriel/Gutenberg/ out.txt
Total time = 155.188475 seconds
Read time = 1.612402 seconds
Tokenize time = 7.116793 seconds
Processing time = 146.202220 seconds
File write time = 0.256688 seconds


=========================================================================================================
=========================================================================================================
=========================================================================================================
tokens_per_iter=200,000
-----------------------

mpirun --map-by node -np 32 python3 termfrequency.py /beegfs/gabriel/Gutenberg/ out.txt
Total time = 138.001302 seconds
Read time = 1.602886 seconds
Tokenize time = 7.191449 seconds
Processing time = 128.948547 seconds
File write time = 0.258081 seconds

=========================================================================================================
=========================================================================================================
=========================================================================================================
tokens_per_iter=250,000
-----------------------
gabriel@crill:~/mpids/examples> mpirun --map-by node -np 32 python3 termfrequency.py /beegfs/gabriel/Gutenberg/ out.txt
Total time = 126.468862 seconds
Read time = 1.659559 seconds
Tokenize time = 7.290817 seconds
Processing time = 117.246717 seconds
File write time = 0.271405 seconds

gabriel@crill:~/mpids/examples> mpirun --map-by node -np 32 python3 termfrequency.py /beegfs/gabriel/Gutenberg/ out.txt
Total time = 125.505821 seconds
Read time = 1.629486 seconds
Tokenize time = 7.179143 seconds
Processing time = 116.419577 seconds
File write time = 0.277242 seconds

gabriel@crill:~/mpids/examples> mpirun --map-by node -np 32 python3 termfrequency.py /beegfs/gabriel/Gutenberg/ out.txt
Total time = 126.195097 seconds
Read time = 1.565213 seconds
Tokenize time = 7.309889 seconds
Processing time = 117.041198 seconds
File write time = 0.278424 seconds

gabriel@crill:~/mpids/examples>mpirun --map-by node -np 64 python3 termfrequency.py /beegfs/gabriel/Gutenberg/ out.txt
Total time = 56.545129 seconds
Read time = 1.397250 seconds
Tokenize time = 4.331462 seconds
Processing time = 50.652309 seconds
File write time = 0.163509 seconds

gabriel@crill:~/mpids/examples>mpirun --map-by node -np 64 python3 termfrequency.py /beegfs/gabriel/Gutenberg/ out.txt
Total time = 56.788181 seconds
Read time = 1.316841 seconds
Tokenize time = 4.491803 seconds
Processing time = 50.810391 seconds
File write time = 0.168788 seconds

gabriel@crill:~/mpids/examples> mpirun --map-by node -np 64 python3 termfrequency.py /beegfs/gabriel/Gutenberg/ out.txt
Total time = 56.930555 seconds
Read time = 1.252239 seconds
Tokenize time = 4.498758 seconds
Processing time = 51.020440 seconds
File write time = 0.158559 seconds

gabriel@crill:~/mpids/examples> mpirun --map-by node -np 128 python3 termfrequency.py /beegfs/gabriel/Gutenberg/ out.txt
Total time = 34.009358 seconds
Read time = 1.101998 seconds
Tokenize time = 3.122917 seconds
Processing time = 29.657189 seconds
File write time = 0.126538 seconds

gabriel@crill:~/mpids/examples> mpirun --map-by node -np 128 python3 termfrequency.py /beegfs/gabriel/Gutenberg/ out.txt
Total time = 34.102378 seconds
Read time = 1.111128 seconds
Tokenize time = 3.149914 seconds
Processing time = 29.704417 seconds
File write time = 0.136086 seconds

gabriel@crill:~/mpids/examples> mpirun --map-by node -np 128 python3 termfrequency.py /beegfs/gabriel/Gutenberg/ out.txt
Total time = 34.025269 seconds
Read time = 1.125221 seconds
Tokenize time = 3.114304 seconds
Processing time = 29.651093 seconds
File write time = 0.133759 seconds


gabriel@crill:~/mpids/examples> mpirun --map-by node -np 256 python3 termfrequency.py /beegfs/gabriel/Gutenberg/ out.txt
Total time = 26.374692 seconds
Read time = 1.033109 seconds
Tokenize time = 2.459902 seconds
Processing time = 22.740048 seconds
File write time = 0.140775 seconds

gabriel@crill:~/mpids/examples> mpirun --map-by node -np 256 python3 termfrequency.py /beegfs/gabriel/Gutenberg/ out.txt
Total time = 26.494999 seconds
Read time = 1.064940 seconds
Tokenize time = 2.457372 seconds
Processing time = 22.824967 seconds
File write time = 0.147315 seconds

gabriel@crill:~/mpids/examples> mpirun --map-by node -np 256 python3 termfrequency.py /beegfs/gabriel/Gutenberg/ out.txt
Total time = 26.164628 seconds
Read time = 1.036044 seconds
Tokenize time = 2.453358 seconds
Processing time = 22.540041 seconds
File write time = 0.134830 seconds

=========================================================================================================
=========================================================================================================
=========================================================================================================
tokens_per_iter=400,000
-----------------------
gabriel@crill:~/mpids/examples> mpirun --map-by node -np 16 python3 termfrequency.py /beegfs/gabriel/Gutenberg/ out.txt
Total time = 262.701163 seconds
Read time = 2.395020 seconds
Tokenize time = 12.983662 seconds
Processing time = 247.037380 seconds
File write time = 0.284808 seconds


gabriel@crill:~/mpids/examples> mpirun --map-by node -np 32 python3 termfrequency.py /beegfs/gabriel/Gutenberg/ out.txt
Total time = 102.543065 seconds
Read time = 1.589518 seconds
Tokenize time = 7.245432 seconds
Processing time = 93.421104 seconds
File write time = 0.286645 seconds

gabriel@crill:~/mpids/examples> mpirun --map-by node -np 32 python3 termfrequency.py /beegfs/gabriel/Gutenberg/ out.txt
Total time = 104.488982 seconds
Read time = 1.633250 seconds
Tokenize time = 6.993892 seconds
Processing time = 95.595172 seconds
File write time = 0.266321 seconds

gabriel@crill:~/mpids/examples> mpirun --map-by node -np 32 python3 termfrequency.py /beegfs/gabriel/Gutenberg/ out.txt
Total time = 103.280067 seconds
Read time = 1.611628 seconds
Tokenize time = 7.284836 seconds
Processing time = 94.113181 seconds
File write time = 0.269975 seconds

gabriel@crill:~/mpids/examples> mpirun --map-by node -np 64 python3 termfrequency.py /beegfs/gabriel/Gutenberg/ out.txt
Total time = 48.002870 seconds
Read time = 1.243166 seconds
Tokenize time = 4.382798 seconds
Processing time = 42.209273 seconds
File write time = 0.167008 seconds

gabriel@crill:~/mpids/examples> mpirun --map-by node -np 64 python3 termfrequency.py /beegfs/gabriel/Gutenberg/ out.txt
Total time = 48.034498 seconds
Read time = 1.265220 seconds
Tokenize time = 4.491911 seconds
Processing time = 42.109350 seconds
File write time = 0.167431 seconds

gabriel@crill:~/mpids/examples> mpirun --map-by node -np 64 python3 termfrequency.py /beegfs/gabriel/Gutenberg/ out.txt
Total time = 48.516722 seconds
Read time = 1.251887 seconds
Tokenize time = 4.518661 seconds
Processing time = 42.589673 seconds
File write time = 0.155907 seconds

gabriel@crill:~/mpids/examples> mpirun --map-by node -np 128 python3 termfrequency.py /beegfs/gabriel/Gutenberg/ out.txt
Total time = 27.889216 seconds
Read time = 1.102201 seconds
Tokenize time = 3.101859 seconds
Processing time = 23.551268 seconds
File write time = 0.133121 seconds

gabriel@crill:~/mpids/examples> mpirun --map-by node -np 128 python3 termfrequency.py /beegfs/gabriel/Gutenberg/ out.txt
Total time = 28.253039 seconds
Read time = 1.138385 seconds
Tokenize time = 3.125770 seconds
Processing time = 23.849350 seconds
File write time = 0.138703 seconds

gabriel@crill:~/mpids/examples> mpirun --map-by node -np 128 python3 termfrequency.py /beegfs/gabriel/Gutenberg/ out.txt
Total time = 27.944213 seconds
Read time = 1.117821 seconds
Tokenize time = 3.054619 seconds
Processing time = 23.645276 seconds
File write time = 0.125661 seconds

gabriel@crill:~/mpids/examples> mpirun --map-by node -np 256 python3 termfrequency.py /beegfs/gabriel/Gutenberg/ out.txt
Total time = 21.690582 seconds
Read time = 1.085914 seconds
Tokenize time = 2.445266 seconds
Processing time = 18.026258 seconds
File write time = 0.132111 seconds

gabriel@crill:~/mpids/examples> mpirun --map-by node -np 256 python3 termfrequency.py /beegfs/gabriel/Gutenberg/ out.txt
Total time = 21.447327 seconds
Read time = 1.056675 seconds
Tokenize time = 2.470685 seconds
Processing time = 17.790859 seconds
File write time = 0.128035 seconds

gabriel@crill:~/mpids/examples> mpirun --map-by node -np 256 python3 termfrequency.py /beegfs/gabriel/Gutenberg/ out.txt
Total time = 21.425855 seconds
Read time = 1.030833 seconds
Tokenize time = 2.460272 seconds
Processing time = 17.783253 seconds
File write time = 0.150441 seconds


=========================================================================================================
=========================================================================================================
=========================================================================================================
tokens_per_iter=750,000
-----------------------
gabriel@crill:~/mpids/examples> mpirun --map-by node -np 16 python3 termfrequency.py /beegfs/gabriel/Gutenberg/ out.txt
Total time = 198.288948 seconds
Read time = 2.414195 seconds
Tokenize time = 13.100213 seconds
Processing time = 182.485088 seconds
File write time = 0.289156 seconds

gabriel@crill:~/mpids/examples> mpirun --map-by node -np 16 python3 termfrequency.py /beegfs/gabriel/Gutenberg/ out.txt
Total time = 198.607298 seconds
Read time = 2.434690 seconds
Tokenize time = 13.005499 seconds
Processing time = 182.874495 seconds
File write time = 0.292305 seconds

gabriel@crill:~/mpids/examples> mpirun --map-by node -np 16 python3 termfrequency.py /beegfs/gabriel/Gutenberg/ out.txt
Total time = 199.949308 seconds
Read time = 2.364734 seconds
Tokenize time = 13.051372 seconds
Processing time = 184.248309 seconds
File write time = 0.284601 seconds

gabriel@crill:~/mpids/examples> mpirun --map-by node -np 32 python3 termfrequency.py /beegfs/gabriel/Gutenberg/ out.txt
Total time = 78.940259 seconds
Read time = 1.649782 seconds
Tokenize time = 7.217214 seconds
Processing time = 69.802187 seconds
File write time = 0.270716 seconds

gabriel@crill:~/mpids/examples> mpirun --map-by node -np 32 python3 termfrequency.py /beegfs/gabriel/Gutenberg/ out.txt
Total time = 78.429478 seconds
Read time = 1.644827 seconds
Tokenize time = 7.075736 seconds
Processing time = 69.454153 seconds
File write time = 0.254375 seconds

gabriel@crill:~/mpids/examples> mpirun --map-by node -np 32 python3 termfrequency.py /beegfs/gabriel/Gutenberg/ out.txt
Total time = 78.551239 seconds
Read time = 1.643158 seconds
Tokenize time = 7.247011 seconds
Processing time = 69.417502 seconds
File write time = 0.243201 seconds

gabriel@crill:~/mpids/examples> mpirun --map-by node -np 64 python3 termfrequency.py /beegfs/gabriel/Gutenberg/ out.txt
Total time = 38.292196 seconds
Read time = 1.249000 seconds
Tokenize time = 4.505792 seconds
Processing time = 32.377434 seconds
File write time = 0.159330 seconds

gabriel@crill:~/mpids/examples> mpirun --map-by node -np 64 python3 termfrequency.py /beegfs/gabriel/Gutenberg/ out.txt
Total time = 38.167344 seconds
Read time = 1.181749 seconds
Tokenize time = 4.470846 seconds
Processing time = 32.347702 seconds
File write time = 0.166388 seconds

gabriel@crill:~/mpids/examples> mpirun --map-by node -np 64 python3 termfrequency.py /beegfs/gabriel/Gutenberg/ out.txt
Total time = 38.338549 seconds
Read time = 1.237793 seconds
Tokenize time = 4.351479 seconds
Processing time = 32.579300 seconds
File write time = 0.169375 seconds

gabriel@crill:~/mpids/examples> mpirun --map-by node -np 128 python3 termfrequency.py /beegfs/gabriel/Gutenberg/ out.txt
Total time = 22.778562 seconds
Read time = 1.087502 seconds
Tokenize time = 3.164790 seconds
Processing time = 18.403740 seconds
File write time = 0.121478 seconds

gabriel@crill:~/mpids/examples> mpirun --map-by node -np 128 python3 termfrequency.py /beegfs/gabriel/Gutenberg/ out.txt
Total time = 23.072684 seconds
Read time = 1.099450 seconds
Tokenize time = 3.166170 seconds
Processing time = 18.673812 seconds
File write time = 0.132082 seconds

gabriel@crill:~/mpids/examples> mpirun --map-by node -np 128 python3 termfrequency.py /beegfs/gabriel/Gutenberg/ out.txt
Total time = 23.213676 seconds
Read time = 1.114975 seconds
Tokenize time = 3.161847 seconds
Processing time = 18.808045 seconds
File write time = 0.127789 seconds

gabriel@crill:~/mpids/examples> mpirun --map-by node -np 256 python3 termfrequency.py /beegfs/gabriel/Gutenberg/ out.txt
Total time = 19.169807 seconds
Read time = 1.059783 seconds
Tokenize time = 2.440314 seconds
Processing time = 15.536938 seconds
File write time = 0.132381 seconds

gabriel@crill:~/mpids/examples> mpirun --map-by node -np 256 python3 termfrequency.py /beegfs/gabriel/Gutenberg/ out.txt
Total time = 19.332981 seconds
Read time = 1.128387 seconds
Tokenize time = 2.438081 seconds
Processing time = 15.612085 seconds
File write time = 0.154072 seconds

gabriel@crill:~/mpids/examples> mpirun --map-by node -np 256 python3 termfrequency.py /beegfs/gabriel/Gutenberg/ out.txt
Total time = 19.292129 seconds
Read time = 1.067164 seconds
Tokenize time = 2.441846 seconds
Processing time = 15.648590 seconds
File write time = 0.134108 seconds

